<?xml version="1.0" encoding="UTF-8"?>
<!-- Generated by org.testng.reporters.JUnitXMLReporter -->
<testsuite hostname="LAPTOP-1R0DHK25" ignored="0" name="Command line test" tests="2" failures="1" timestamp="2020-12-23T15:39:41 CET" time="93.07" errors="0">
  <testcase name="Research_a_word_on_guru" time="0.15" classname="com.testngdemo.automation.functional.Testsuite_1st_research_google"/>
  <testcase name="testPDFReporTwo" time="0.004" classname="com.testngdemo.automation.functional.Testsuite_1st_research_google">
    <failure type="java.lang.AssertionError" message="did not expect to find [true] but found [false]">
      <![CDATA[java.lang.AssertionError: did not expect to find [true] but found [false]
at com.testngdemo.automation.functional.Testsuite_1st_research_google.testPDFReporTwo(Testsuite_1st_research_google.java:53)
at java.util.ArrayList.forEach(Unknown Source)
... Removed 41 stack frames]]>
    </failure>
  </testcase> <!-- testPDFReporTwo -->
</testsuite> <!-- Command line test -->
