<!DOCTYPE html PUBLIC "-//W3C//DTD XHTML 1.1//EN" "http://www.w3.org/TR/xhtml11/DTD/xhtml11.dtd">
<html xmlns="http://www.w3.org/1999/xhtml">
<head>
<meta http-equiv="content-type" content="text/html; charset=UTF-8"/>
<title>TestNG Report</title>
<style type="text/css">table {margin-bottom:10px;border-collapse:collapse;empty-cells:show}th,td {border:1px solid #009;padding:.25em .5em}th {vertical-align:bottom}td {vertical-align:top}table a {font-weight:bold}.stripe td {background-color: #E6EBF9}.num {text-align:right}.passedodd td {background-color: #3F3}.passedeven td {background-color: #0A0}.skippedodd td {background-color: #DDD}.skippedeven td {background-color: #CCC}.failedodd td,.attn {background-color: #F33}.failedeven td,.stripe .attn {background-color: #D00}.stacktrace {white-space:pre;font-family:monospace}.totop {font-size:85%;text-align:center;border-bottom:2px solid #000}.invisible {display:none}</style>
</head>
<body>
<table>
<tr><th>Test</th><th># Passed</th><th># Skipped</th><th># Retried</th><th># Failed</th><th>Time (ms)</th><th>Included Groups</th><th>Excluded Groups</th></tr>
<tr><th colspan="7">Command line suite</th></tr>
<tr><td><a href="#t0">Command line test</a></td><td class="num">0</td><td class="num attn">2</td><td class="num">0</td><td class="num attn">1</td><td class="num">8.950</td><td></td><td></td></tr>
</table>
<table id='summary'><thead><tr><th>Class</th><th>Method</th><th>Start</th><th>Time (ms)</th></tr></thead><tbody><tr><th colspan="4">Command line suite</th></tr></tbody><tbody id="t0"><tr><th colspan="4">Command line test &#8212; failed (configuration methods)</th></tr><tr class="failedeven"><td rowspan="1">com.testngdemo.automation.functional.Testsuite_1st_research_google</td><td><a href="#m0">getResult</a></td><td rowspan="1">1609171223982</td><td rowspan="1">325</td></tr><tr><th colspan="4">Command line test &#8212; failed</th></tr><tr class="failedeven"><td rowspan="1">com.testngdemo.automation.functional.Testsuite_1st_research_google</td><td><a href="#m1">Research_a_word_on_guru</a></td><td rowspan="1">1609171223848</td><td rowspan="1">131</td></tr><tr><th colspan="4">Command line test &#8212; skipped (configuration methods)</th></tr><tr class="skippedeven"><td rowspan="2">com.testngdemo.automation.functional.Testsuite_1st_research_google</td><td><a href="#m2">getResult</a></td><td rowspan="2">1609171224312</td><td rowspan="2">-1609171224312</td></tr><tr class="skippedeven"><td><a href="#m3">getResult</a></td></tr><tr><th colspan="4">Command line test &#8212; skipped</th></tr><tr class="skippedeven"><td rowspan="2">com.testngdemo.automation.functional.Testsuite_1st_research_google</td><td><a href="#m4">testPDFReporThree</a></td><td rowspan="1">1609171224311</td><td rowspan="1">0</td></tr><tr class="skippedeven"><td><a href="#m5">testPDFReporTwo</a></td><td rowspan="1">1609171224312</td><td rowspan="1">0</td></tr></tbody>
</table>
<h2>Command line test</h2><h3 id="m0">com.testngdemo.automation.functional.Testsuite_1st_research_google#getResult</h3><table class="result"><tr class="param"><th>Parameter #1</th></tr><tr class="param stripe"><td>[TestResult name=Research_a_word_on_guru status=FAILURE method=Testsuite_1st_research_google.Research_a_word_on_guru()[pri:0, instance:com.testngdemo.automation.functional.Testsuite_1st_research_google@22555ebf] output={null}]</td></tr><tr><th>Exception</th></tr><tr><td><div class="stacktrace">java.lang.NullPointerException
	at com.testnegdemo.automation.realtimereport.Report_table.Add_Report_voice(Report_table.java:32)
	at com.testngdemo.automation.functional.Testsuite_1st_research_google.getResult(Testsuite_1st_research_google.java:106)
	at java.util.ArrayList.forEach(Unknown Source)
... Removed 42 stack frames</div></td></tr></table><p class="totop"><a href="#summary">back to summary</a></p>
<h3 id="m1">com.testngdemo.automation.functional.Testsuite_1st_research_google#Research_a_word_on_guru</h3><table class="result"><tr><th>Exception</th></tr><tr><td><div class="stacktrace">java.lang.AssertionError: did not expect to find [true] but found [false]
	at com.testngdemo.automation.functional.Testsuite_1st_research_google.Research_a_word_on_guru(Testsuite_1st_research_google.java:66)
	at java.util.ArrayList.forEach(Unknown Source)
... Removed 41 stack frames</div></td></tr></table><p class="totop"><a href="#summary">back to summary</a></p>
<h3 id="m2">com.testngdemo.automation.functional.Testsuite_1st_research_google#getResult</h3><table class="result"><tr><th class="invisible"/></tr></table><p class="totop"><a href="#summary">back to summary</a></p>
<h3 id="m3">com.testngdemo.automation.functional.Testsuite_1st_research_google#getResult</h3><table class="result"><tr><th class="invisible"/></tr></table><p class="totop"><a href="#summary">back to summary</a></p>
<h3 id="m4">com.testngdemo.automation.functional.Testsuite_1st_research_google#testPDFReporThree</h3><table class="result"><tr><th>Exception</th></tr><tr><td><div class="stacktrace">java.lang.NullPointerException
	at com.testnegdemo.automation.realtimereport.Report_table.Add_Report_voice(Report_table.java:32)
	at com.testngdemo.automation.functional.Testsuite_1st_research_google.getResult(Testsuite_1st_research_google.java:106)
	at java.util.ArrayList.forEach(Unknown Source)
... Removed 42 stack frames</div></td></tr></table><p class="totop"><a href="#summary">back to summary</a></p>
<h3 id="m5">com.testngdemo.automation.functional.Testsuite_1st_research_google#testPDFReporTwo</h3><table class="result"><tr><th>Exception</th></tr><tr><td><div class="stacktrace">java.lang.NullPointerException
	at com.testnegdemo.automation.realtimereport.Report_table.Add_Report_voice(Report_table.java:32)
	at com.testngdemo.automation.functional.Testsuite_1st_research_google.getResult(Testsuite_1st_research_google.java:106)
	at java.util.ArrayList.forEach(Unknown Source)
... Removed 42 stack frames</div></td></tr></table><p class="totop"><a href="#summary">back to summary</a></p>
</body>
</html>
